Epoch 1/20:
/home/fair/anaconda3/envs/tf-gpu/lib/python3.7/site-packages/torch/nn/functional.py:1350: UserWarning: nn.functional.sigmoid is deprecated. Use torch.sigmoid instead.
  warnings.warn("nn.functional.sigmoid is deprecated. Use torch.sigmoid instead.")












		data 320/6384	loss 1.49342	acc 0.10869
		data 640/6384	loss 1.41167	acc 0.11683
		data 960/6384	loss 1.35701	acc 0.12648
		data 1280/6384	loss 1.31284	acc 0.13346
		data 1600/6384	loss 1.27200	acc 0.14284
		data 1920/6384	loss 1.23420	acc 0.15277
		data 2240/6384	loss 1.20004	acc 0.16227
		data 2560/6384	loss 1.17122	acc 0.16936
		data 2880/6384	loss 1.14144	acc 0.17955
		data 3200/6384	loss 1.11344	acc 0.18982
		data 3520/6384	loss 1.08573	acc 0.20174
		data 3840/6384	loss 1.06141	acc 0.21255
		data 4160/6384	loss 1.03982	acc 0.22177
		data 4480/6384	loss 1.01493	acc 0.23492
		data 4800/6384	loss 0.99165	acc 0.24798
		data 5120/6384	loss 0.96918	acc 0.26124
		data 5440/6384	loss 0.94863	acc 0.27314
		data 5760/6384	loss 0.93107	acc 0.28259
		data 6080/6384	loss 0.91160	acc 0.29463

Validating...
		data 320/1600	loss 0.52467	acc 0.55094
		data 640/1600	loss 0.54160	acc 0.53319
		data 960/1600	loss 0.55067	acc 0.52516
		data 1280/1600	loss 0.55633	acc 0.52085
		data 1600/1600	loss 0.56136	acc 0.51695
Epoch 2/20:
		data 320/6384	loss 0.53641	acc 0.53326
		data 640/6384	loss 0.52809	acc 0.53862
		data 960/6384	loss 0.53003	acc 0.53489
		data 1280/6384	loss 0.52372	acc 0.54061
		data 1600/6384	loss 0.50666	acc 0.55656
		data 1920/6384	loss 0.49756	acc 0.56463
		data 2240/6384	loss 0.49610	acc 0.56612
		data 2560/6384	loss 0.49257	acc 0.56828
		data 2880/6384	loss 0.48512	acc 0.57519
		data 3200/6384	loss 0.48171	acc 0.57855
		data 3520/6384	loss 0.47601	acc 0.58353
		data 3840/6384	loss 0.46908	acc 0.58967
		data 4160/6384	loss 0.46305	acc 0.59509
		data 4480/6384	loss 0.45739	acc 0.59998
		data 4800/6384	loss 0.45093	acc 0.60579
		data 5120/6384	loss 0.44715	acc 0.60921
		data 5440/6384	loss 0.44429	acc 0.61170
		data 5760/6384	loss 0.43944	acc 0.61580
		data 6080/6384	loss 0.43588	acc 0.61899

Validating...
		data 320/1600	loss 0.36669	acc 0.67771
		data 640/1600	loss 0.36546	acc 0.67765
		data 960/1600	loss 0.36476	acc 0.67972
		data 1280/1600	loss 0.36185	acc 0.68302
		data 1600/1600	loss 0.35927	acc 0.68530
Epoch 3/20:
		data 320/6384	loss 0.36259	acc 0.68118
		data 640/6384	loss 0.34834	acc 0.69524
		data 960/6384	loss 0.34331	acc 0.69980
		data 1280/6384	loss 0.34042	acc 0.70148
		data 1600/6384	loss 0.33835	acc 0.70389
		data 1920/6384	loss 0.33069	acc 0.71038
		data 2240/6384	loss 0.33163	acc 0.70989
		data 2560/6384	loss 0.33216	acc 0.70959
		data 2880/6384	loss 0.33154	acc 0.71025
		data 3200/6384	loss 0.33326	acc 0.70853
		data 3520/6384	loss 0.33206	acc 0.70964
		data 3840/6384	loss 0.33152	acc 0.71038
		data 4160/6384	loss 0.33119	acc 0.71076
		data 4480/6384	loss 0.33198	acc 0.70993
		data 4800/6384	loss 0.33140	acc 0.71042
		data 5120/6384	loss 0.33112	acc 0.71090
		data 5440/6384	loss 0.33001	acc 0.71186
		data 5760/6384	loss 0.32858	acc 0.71311
		data 6080/6384	loss 0.32694	acc 0.71457

Validating...
		data 320/1600	loss 0.30117	acc 0.73961
		data 640/1600	loss 0.30326	acc 0.73872
		data 960/1600	loss 0.30390	acc 0.73755
		data 1280/1600	loss 0.30668	acc 0.73573
		data 1600/1600	loss 0.31063	acc 0.73269
Epoch 4/20:
		data 320/6384	loss 0.32832	acc 0.71115
		data 640/6384	loss 0.32045	acc 0.72049
		data 960/6384	loss 0.30932	acc 0.72991
		data 1280/6384	loss 0.30780	acc 0.73140
		data 1600/6384	loss 0.30125	acc 0.73709
		data 1920/6384	loss 0.30780	acc 0.73102
		data 2240/6384	loss 0.30625	acc 0.73243
		data 2560/6384	loss 0.30740	acc 0.73147
		data 2880/6384	loss 0.30273	acc 0.73581
		data 3200/6384	loss 0.30329	acc 0.73552
		data 3520/6384	loss 0.30078	acc 0.73787
		data 3840/6384	loss 0.29911	acc 0.73929
		data 4160/6384	loss 0.29885	acc 0.73955
		data 4480/6384	loss 0.29669	acc 0.74145
		data 4800/6384	loss 0.29674	acc 0.74114
		data 5120/6384	loss 0.29482	acc 0.74276
